Exporter version: 5.4.0, Blender version: 2.78 (sub 0)
========= Conversion from Blender to Babylon.js =========
	Scene settings used:
		selected layers only:  false
		flat shading entire scene:  false
		inline textures:  false
		texture directory:  F:\Dropbox\workspace\Bloc\Part3\DataStructures\dsPrototypes\src\assets\
	Python World class constructor completed
	processing begun of mesh:  Cube
		processing begun of Standard material:  Material
		num positions      :  96
		num normals        :  96
		num uvs            :  0
		num uvs2           :  0
		num colors         :  0
		num indices        :  564
	processing begun of camera (UniversalCamera):  Camera
	processing begun of light (POINT):  Lamp
========= Writing of scene file started =========
========= Writing of scene file completed =========
========= end of processing =========
elapsed time:  0 min, 0.0246 secs
